2023-02-21T15:32:20.366+07:00  INFO 10404 --- [restartedMain] c.shopme.admin.ShopmeBackEndApplication  : Starting ShopmeBackEndApplication using Java 17.0.5 with PID 10404 (D:\Study\Pro\013ShopeeHomeSpringboot\ShopmeProject\ShopmeWebParent\ShopmeBackEnd\target\classes started by DELL in D:\Study\Pro\013ShopeeHomeSpringboot\ShopmeProject\ShopmeWebParent\ShopmeBackEnd)
2023-02-21T15:32:20.368+07:00  INFO 10404 --- [restartedMain] c.shopme.admin.ShopmeBackEndApplication  : No active profile set, falling back to 1 default profile: "default"
2023-02-21T15:32:20.562+07:00  INFO 10404 --- [restartedMain] .e.DevToolsPropertyDefaultsPostProcessor : Devtools property defaults active! Set 'spring.devtools.add-properties' to 'false' to disable
2023-02-21T15:32:20.564+07:00  INFO 10404 --- [restartedMain] .e.DevToolsPropertyDefaultsPostProcessor : For additional web related logging consider setting the 'logging.level.web' property to 'DEBUG'
2023-02-21T15:32:20.993+07:00  INFO 10404 --- [restartedMain] .s.d.r.c.RepositoryConfigurationDelegate : Bootstrapping Spring Data JPA repositories in DEFAULT mode.
2023-02-21T15:32:21.043+07:00  INFO 10404 --- [restartedMain] .s.d.r.c.RepositoryConfigurationDelegate : Finished Spring Data repository scanning in 43 ms. Found 2 JPA repository interfaces.
2023-02-21T15:32:21.479+07:00  INFO 10404 --- [restartedMain] o.s.b.w.embedded.tomcat.TomcatWebServer  : Tomcat initialized with port(s): 8080 (http)
2023-02-21T15:32:21.485+07:00  INFO 10404 --- [restartedMain] o.apache.catalina.core.StandardService   : Starting service [Tomcat]
2023-02-21T15:32:21.486+07:00  INFO 10404 --- [restartedMain] o.apache.catalina.core.StandardEngine    : Starting Servlet engine: [Apache Tomcat/10.1.5]
2023-02-21T15:32:21.534+07:00  INFO 10404 --- [restartedMain] o.a.c.c.C.[.[localhost].[/ShopmeAdmin]   : Initializing Spring embedded WebApplicationContext
2023-02-21T15:32:21.534+07:00  INFO 10404 --- [restartedMain] w.s.c.ServletWebServerApplicationContext : Root WebApplicationContext: initialization completed in 969 ms
2023-02-21T15:32:21.660+07:00  INFO 10404 --- [restartedMain] o.hibernate.jpa.internal.util.LogHelper  : HHH000204: Processing PersistenceUnitInfo [name: default]
2023-02-21T15:32:21.699+07:00  INFO 10404 --- [restartedMain] org.hibernate.Version                    : HHH000412: Hibernate ORM core version 6.1.6.Final
2023-02-21T15:32:21.812+07:00  WARN 10404 --- [restartedMain] org.hibernate.orm.deprecation            : HHH90000021: Encountered deprecated setting [javax.persistence.sharedCache.mode], use [jakarta.persistence.sharedCache.mode] instead
2023-02-21T15:32:21.909+07:00  INFO 10404 --- [restartedMain] com.zaxxer.hikari.HikariDataSource       : HikariPool-1 - Starting...
2023-02-21T15:32:22.106+07:00  INFO 10404 --- [restartedMain] com.zaxxer.hikari.pool.HikariPool        : HikariPool-1 - Added connection com.mysql.cj.jdbc.ConnectionImpl@4f56f32a
2023-02-21T15:32:22.108+07:00  INFO 10404 --- [restartedMain] com.zaxxer.hikari.HikariDataSource       : HikariPool-1 - Start completed.
2023-02-21T15:32:22.122+07:00  INFO 10404 --- [restartedMain] SQL dialect                              : HHH000400: Using dialect: org.hibernate.dialect.MySQL8Dialect
2023-02-21T15:32:22.123+07:00  WARN 10404 --- [restartedMain] org.hibernate.orm.deprecation            : HHH90000026: MySQL8Dialect has been deprecated; use org.hibernate.dialect.MySQLDialect instead
2023-02-21T15:32:22.754+07:00  INFO 10404 --- [restartedMain] o.h.e.t.j.p.i.JtaPlatformInitiator       : HHH000490: Using JtaPlatform implementation: [org.hibernate.engine.transaction.jta.platform.internal.NoJtaPlatform]
2023-02-21T15:32:22.761+07:00  INFO 10404 --- [restartedMain] j.LocalContainerEntityManagerFactoryBean : Initialized JPA EntityManagerFactory for persistence unit 'default'
2023-02-21T15:32:23.253+07:00  WARN 10404 --- [restartedMain] JpaBaseConfiguration$JpaWebConfiguration : spring.jpa.open-in-view is enabled by default. Therefore, database queries may be performed during view rendering. Explicitly configure spring.jpa.open-in-view to disable this warning
2023-02-21T15:32:23.332+07:00  INFO 10404 --- [restartedMain] o.s.b.a.w.s.WelcomePageHandlerMapping    : Adding welcome page template: index
2023-02-21T15:32:23.748+07:00  INFO 10404 --- [restartedMain] o.s.s.web.DefaultSecurityFilterChain     : Will secure any request with [org.springframework.security.web.session.DisableEncodeUrlFilter@7e2feecc, org.springframework.security.web.context.request.async.WebAsyncManagerIntegrationFilter@227d3fd7, org.springframework.security.web.context.SecurityContextHolderFilter@1e3932d, org.springframework.security.web.header.HeaderWriterFilter@4cdc415a, org.springframework.security.web.csrf.CsrfFilter@5b12c4d0, org.springframework.security.web.authentication.logout.LogoutFilter@34ed764e, org.springframework.security.web.authentication.UsernamePasswordAuthenticationFilter@14a393b6, org.springframework.security.web.savedrequest.RequestCacheAwareFilter@11b465ec, org.springframework.security.web.servletapi.SecurityContextHolderAwareRequestFilter@4e6179aa, org.springframework.security.web.authentication.rememberme.RememberMeAuthenticationFilter@7c2c4a10, org.springframework.security.web.authentication.AnonymousAuthenticationFilter@3c1f8d42, org.springframework.security.web.access.ExceptionTranslationFilter@2abaea91, org.springframework.security.web.access.intercept.AuthorizationFilter@3487c718]
2023-02-21T15:32:23.756+07:00  WARN 10404 --- [restartedMain] o.s.s.c.a.web.builders.WebSecurity       : You are asking Spring Security to ignore Mvc [pattern='/images/**']. This is not recommended -- please use permitAll via HttpSecurity#authorizeHttpRequests instead.
2023-02-21T15:32:23.756+07:00  INFO 10404 --- [restartedMain] o.s.s.web.DefaultSecurityFilterChain     : Will not secure Mvc [pattern='/images/**']
2023-02-21T15:32:23.757+07:00  WARN 10404 --- [restartedMain] o.s.s.c.a.web.builders.WebSecurity       : You are asking Spring Security to ignore Mvc [pattern='/js/**']. This is not recommended -- please use permitAll via HttpSecurity#authorizeHttpRequests instead.
2023-02-21T15:32:23.757+07:00  INFO 10404 --- [restartedMain] o.s.s.web.DefaultSecurityFilterChain     : Will not secure Mvc [pattern='/js/**']
2023-02-21T15:32:23.757+07:00  WARN 10404 --- [restartedMain] o.s.s.c.a.web.builders.WebSecurity       : You are asking Spring Security to ignore Mvc [pattern='/webjars/**']. This is not recommended -- please use permitAll via HttpSecurity#authorizeHttpRequests instead.
2023-02-21T15:32:23.757+07:00  INFO 10404 --- [restartedMain] o.s.s.web.DefaultSecurityFilterChain     : Will not secure Mvc [pattern='/webjars/**']
2023-02-21T15:32:23.965+07:00  INFO 10404 --- [restartedMain] o.s.b.d.a.OptionalLiveReloadServer       : LiveReload server is running on port 35729
2023-02-21T15:32:23.995+07:00  INFO 10404 --- [restartedMain] o.s.b.w.embedded.tomcat.TomcatWebServer  : Tomcat started on port(s): 8080 (http) with context path '/ShopmeAdmin'
2023-02-21T15:32:24.002+07:00  INFO 10404 --- [restartedMain] c.shopme.admin.ShopmeBackEndApplication  : Started ShopmeBackEndApplication in 3.909 seconds (process running for 4.403)
2023-02-21T15:37:10.803+07:00  INFO 10404 --- [File Watcher] rtingClassPathChangeChangedEventListener : Restarting due to 1 class path change (0 additions, 0 deletions, 1 modification)
2023-02-21T15:37:10.814+07:00  INFO 10404 --- [Thread-5] o.apache.catalina.core.StandardService   : Stopping service [Tomcat]
2023-02-21T15:37:10.826+07:00  INFO 10404 --- [Thread-5] j.LocalContainerEntityManagerFactoryBean : Closing JPA EntityManagerFactory for persistence unit 'default'
2023-02-21T15:37:10.829+07:00  INFO 10404 --- [Thread-5] com.zaxxer.hikari.HikariDataSource       : HikariPool-1 - Shutdown initiated...
2023-02-21T15:37:10.835+07:00  INFO 10404 --- [Thread-5] com.zaxxer.hikari.HikariDataSource       : HikariPool-1 - Shutdown completed.
2023-02-21T15:37:10.899+07:00  INFO 10404 --- [restartedMain] c.shopme.admin.ShopmeBackEndApplication  : Starting ShopmeBackEndApplication using Java 17.0.5 with PID 10404 (D:\Study\Pro\013ShopeeHomeSpringboot\ShopmeProject\ShopmeWebParent\ShopmeBackEnd\target\classes started by DELL in D:\Study\Pro\013ShopeeHomeSpringboot\ShopmeProject\ShopmeWebParent\ShopmeBackEnd)
2023-02-21T15:37:10.899+07:00  INFO 10404 --- [restartedMain] c.shopme.admin.ShopmeBackEndApplication  : No active profile set, falling back to 1 default profile: "default"
2023-02-21T15:37:11.066+07:00  INFO 10404 --- [restartedMain] .s.d.r.c.RepositoryConfigurationDelegate : Bootstrapping Spring Data JPA repositories in DEFAULT mode.
2023-02-21T15:37:11.075+07:00  INFO 10404 --- [restartedMain] .s.d.r.c.RepositoryConfigurationDelegate : Finished Spring Data repository scanning in 8 ms. Found 2 JPA repository interfaces.
2023-02-21T15:37:11.197+07:00  INFO 10404 --- [restartedMain] o.s.b.w.embedded.tomcat.TomcatWebServer  : Tomcat initialized with port(s): 8080 (http)
2023-02-21T15:37:11.197+07:00  INFO 10404 --- [restartedMain] o.apache.catalina.core.StandardService   : Starting service [Tomcat]
2023-02-21T15:37:11.197+07:00  INFO 10404 --- [restartedMain] o.apache.catalina.core.StandardEngine    : Starting Servlet engine: [Apache Tomcat/10.1.5]
2023-02-21T15:37:11.214+07:00  INFO 10404 --- [restartedMain] o.a.c.c.C.[.[localhost].[/ShopmeAdmin]   : Initializing Spring embedded WebApplicationContext
2023-02-21T15:37:11.214+07:00  INFO 10404 --- [restartedMain] w.s.c.ServletWebServerApplicationContext : Root WebApplicationContext: initialization completed in 306 ms
2023-02-21T15:37:11.261+07:00  INFO 10404 --- [restartedMain] o.hibernate.jpa.internal.util.LogHelper  : HHH000204: Processing PersistenceUnitInfo [name: default]
2023-02-21T15:37:11.264+07:00  WARN 10404 --- [restartedMain] org.hibernate.orm.deprecation            : HHH90000021: Encountered deprecated setting [javax.persistence.sharedCache.mode], use [jakarta.persistence.sharedCache.mode] instead
2023-02-21T15:37:11.267+07:00  INFO 10404 --- [restartedMain] com.zaxxer.hikari.HikariDataSource       : HikariPool-2 - Starting...
2023-02-21T15:37:11.278+07:00  INFO 10404 --- [restartedMain] com.zaxxer.hikari.pool.HikariPool        : HikariPool-2 - Added connection com.mysql.cj.jdbc.ConnectionImpl@510da341
2023-02-21T15:37:11.279+07:00  INFO 10404 --- [restartedMain] com.zaxxer.hikari.HikariDataSource       : HikariPool-2 - Start completed.
2023-02-21T15:37:11.279+07:00  INFO 10404 --- [restartedMain] SQL dialect                              : HHH000400: Using dialect: org.hibernate.dialect.MySQL8Dialect
2023-02-21T15:37:11.279+07:00  WARN 10404 --- [restartedMain] org.hibernate.orm.deprecation            : HHH90000026: MySQL8Dialect has been deprecated; use org.hibernate.dialect.MySQLDialect instead
2023-02-21T15:37:11.321+07:00  INFO 10404 --- [restartedMain] o.h.e.t.j.p.i.JtaPlatformInitiator       : HHH000490: Using JtaPlatform implementation: [org.hibernate.engine.transaction.jta.platform.internal.NoJtaPlatform]
2023-02-21T15:37:11.321+07:00  INFO 10404 --- [restartedMain] j.LocalContainerEntityManagerFactoryBean : Initialized JPA EntityManagerFactory for persistence unit 'default'
2023-02-21T15:37:11.419+07:00  WARN 10404 --- [restartedMain] JpaBaseConfiguration$JpaWebConfiguration : spring.jpa.open-in-view is enabled by default. Therefore, database queries may be performed during view rendering. Explicitly configure spring.jpa.open-in-view to disable this warning
2023-02-21T15:37:11.441+07:00  INFO 10404 --- [restartedMain] o.s.b.a.w.s.WelcomePageHandlerMapping    : Adding welcome page template: index
2023-02-21T15:37:11.745+07:00  INFO 10404 --- [restartedMain] o.s.s.web.DefaultSecurityFilterChain     : Will secure any request with [org.springframework.security.web.session.DisableEncodeUrlFilter@67feb033, org.springframework.security.web.context.request.async.WebAsyncManagerIntegrationFilter@2cb75e91, org.springframework.security.web.context.SecurityContextHolderFilter@ba3a5e0, org.springframework.security.web.header.HeaderWriterFilter@68a749ad, org.springframework.security.web.csrf.CsrfFilter@757733ec, org.springframework.security.web.authentication.logout.LogoutFilter@354fb275, org.springframework.security.web.authentication.UsernamePasswordAuthenticationFilter@6b437e99, org.springframework.security.web.savedrequest.RequestCacheAwareFilter@47870f2b, org.springframework.security.web.servletapi.SecurityContextHolderAwareRequestFilter@e6cface, org.springframework.security.web.authentication.rememberme.RememberMeAuthenticationFilter@42651b4a, org.springframework.security.web.authentication.AnonymousAuthenticationFilter@5cf05a28, org.springframework.security.web.access.ExceptionTranslationFilter@2d5c8fca, org.springframework.security.web.access.intercept.AuthorizationFilter@5343182d]
2023-02-21T15:37:11.750+07:00  WARN 10404 --- [restartedMain] o.s.s.c.a.web.builders.WebSecurity       : You are asking Spring Security to ignore Mvc [pattern='/images/**']. This is not recommended -- please use permitAll via HttpSecurity#authorizeHttpRequests instead.
2023-02-21T15:37:11.750+07:00  INFO 10404 --- [restartedMain] o.s.s.web.DefaultSecurityFilterChain     : Will not secure Mvc [pattern='/images/**']
2023-02-21T15:37:11.750+07:00  WARN 10404 --- [restartedMain] o.s.s.c.a.web.builders.WebSecurity       : You are asking Spring Security to ignore Mvc [pattern='/js/**']. This is not recommended -- please use permitAll via HttpSecurity#authorizeHttpRequests instead.
2023-02-21T15:37:11.750+07:00  INFO 10404 --- [restartedMain] o.s.s.web.DefaultSecurityFilterChain     : Will not secure Mvc [pattern='/js/**']
2023-02-21T15:37:11.750+07:00  WARN 10404 --- [restartedMain] o.s.s.c.a.web.builders.WebSecurity       : You are asking Spring Security to ignore Mvc [pattern='/webjars/**']. This is not recommended -- please use permitAll via HttpSecurity#authorizeHttpRequests instead.
2023-02-21T15:37:11.750+07:00  INFO 10404 --- [restartedMain] o.s.s.web.DefaultSecurityFilterChain     : Will not secure Mvc [pattern='/webjars/**']
2023-02-21T15:37:11.855+07:00  INFO 10404 --- [restartedMain] o.s.b.d.a.OptionalLiveReloadServer       : LiveReload server is running on port 35729
2023-02-21T15:37:11.865+07:00  INFO 10404 --- [restartedMain] o.s.b.w.embedded.tomcat.TomcatWebServer  : Tomcat started on port(s): 8080 (http) with context path '/ShopmeAdmin'
2023-02-21T15:37:11.870+07:00  INFO 10404 --- [restartedMain] c.shopme.admin.ShopmeBackEndApplication  : Started ShopmeBackEndApplication in 0.994 seconds (process running for 292.27)
2023-02-21T15:37:11.871+07:00  INFO 10404 --- [restartedMain] .ConditionEvaluationDeltaLoggingListener : Condition evaluation unchanged
2023-02-21T15:42:16.656+07:00  INFO 10404 --- [File Watcher] rtingClassPathChangeChangedEventListener : Restarting due to 1 class path change (0 additions, 0 deletions, 1 modification)
2023-02-21T15:42:16.668+07:00  INFO 10404 --- [Thread-7] o.apache.catalina.core.StandardService   : Stopping service [Tomcat]
2023-02-21T15:42:16.673+07:00  INFO 10404 --- [Thread-7] j.LocalContainerEntityManagerFactoryBean : Closing JPA EntityManagerFactory for persistence unit 'default'
2023-02-21T15:42:16.673+07:00  INFO 10404 --- [Thread-7] com.zaxxer.hikari.HikariDataSource       : HikariPool-2 - Shutdown initiated...
2023-02-21T15:42:16.677+07:00  INFO 10404 --- [Thread-7] com.zaxxer.hikari.HikariDataSource       : HikariPool-2 - Shutdown completed.
